{"C:\\Users\\gopur\\Downloads\\Job\\cozey\\server\\src\\packingProcess.ts": {"path":"C:\\Users\\gopur\\Downloads\\Job\\cozey\\server\\src\\packingProcess.ts","statementMap":{"0":{"start":{"line":2,"column":0},"end":{"line":2,"column":53}},"1":{"start":{"line":4,"column":18},"end":{"line":4,"column":41}},"2":{"start":{"line":25,"column":33},"end":{"line":67,"column":1}},"3":{"start":{"line":26,"column":4},"end":{"line":66,"column":5}},"4":{"start":{"line":28,"column":43},"end":{"line":28,"column":45}},"5":{"start":{"line":31,"column":8},"end":{"line":59,"column":9}},"6":{"start":{"line":31,"column":21},"end":{"line":31,"column":22}},"7":{"start":{"line":33,"column":47},"end":{"line":33,"column":49}},"8":{"start":{"line":35,"column":12},"end":{"line":48,"column":15}},"9":{"start":{"line":37,"column":34},"end":{"line":37,"column":58}},"10":{"start":{"line":39,"column":35},"end":{"line":39,"column":65}},"11":{"start":{"line":40,"column":16},"end":{"line":40,"column":44}},"12":{"start":{"line":41,"column":16},"end":{"line":45,"column":17}},"13":{"start":{"line":42,"column":20},"end":{"line":42,"column":64}},"14":{"start":{"line":44,"column":20},"end":{"line":44,"column":61}},"15":{"start":{"line":46,"column":16},"end":{"line":46,"column":null}},"16":{"start":{"line":50,"column":12},"end":{"line":57,"column":null}},"17":{"start":{"line":61,"column":8},"end":{"line":61,"column":28}},"18":{"start":{"line":64,"column":8},"end":{"line":64,"column":54}},"19":{"start":{"line":65,"column":8},"end":{"line":65,"column":null}},"20":{"start":{"line":25,"column":13},"end":{"line":25,"column":33}}},"fnMap":{"0":{"name":"(anonymous_0)","decl":{"start":{"line":25,"column":33},"end":{"line":25,"column":42}},"loc":{"start":{"line":25,"column":58},"end":{"line":67,"column":1}}},"1":{"name":"(anonymous_1)","decl":{"start":{"line":35,"column":41},"end":{"line":35,"column":42}},"loc":{"start":{"line":35,"column":58},"end":{"line":48,"column":13}}}},"branchMap":{},"s":{"0":1,"1":1,"2":1,"3":3,"4":3,"5":3,"6":3,"7":2,"8":2,"9":2,"10":2,"11":2,"12":2,"13":3,"14":3,"15":1,"16":1,"17":2,"18":1,"19":1,"20":1},"f":{"0":3,"1":2},"b":{}}
,"C:\\Users\\gopur\\Downloads\\Job\\cozey\\server\\src\\pickingProcess.ts": {"path":"C:\\Users\\gopur\\Downloads\\Job\\cozey\\server\\src\\pickingProcess.ts","statementMap":{"0":{"start":{"line":3,"column":0},"end":{"line":3,"column":52}},"1":{"start":{"line":6,"column":18},"end":{"line":6,"column":41}},"2":{"start":{"line":12,"column":33},"end":{"line":48,"column":1}},"3":{"start":{"line":13,"column":4},"end":{"line":45,"column":5}},"4":{"start":{"line":15,"column":47},"end":{"line":15,"column":49}},"5":{"start":{"line":18,"column":8},"end":{"line":38,"column":9}},"6":{"start":{"line":18,"column":21},"end":{"line":18,"column":22}},"7":{"start":{"line":21,"column":12},"end":{"line":37,"column":null}},"8":{"start":{"line":23,"column":34},"end":{"line":23,"column":58}},"9":{"start":{"line":24,"column":35},"end":{"line":24,"column":65}},"10":{"start":{"line":27,"column":16},"end":{"line":35,"column":17}},"11":{"start":{"line":28,"column":20},"end":{"line":34,"column":21}},"12":{"start":{"line":31,"column":24},"end":{"line":31,"column":60}},"13":{"start":{"line":33,"column":24},"end":{"line":33,"column":61}},"14":{"start":{"line":40,"column":8},"end":{"line":40,"column":30}},"15":{"start":{"line":43,"column":8},"end":{"line":43,"column":54}},"16":{"start":{"line":44,"column":8},"end":{"line":44,"column":null}},"17":{"start":{"line":12,"column":13},"end":{"line":12,"column":33}}},"fnMap":{"0":{"name":"(anonymous_0)","decl":{"start":{"line":12,"column":33},"end":{"line":12,"column":43}},"loc":{"start":{"line":12,"column":59},"end":{"line":48,"column":1}}},"1":{"name":"(anonymous_1)","decl":{"start":{"line":21,"column":41},"end":{"line":21,"column":42}},"loc":{"start":{"line":21,"column":58},"end":{"line":37,"column":13}}}},"branchMap":{"0":{"loc":{"start":{"line":28,"column":20},"end":{"line":34,"column":21}},"type":"if","locations":[{"start":{"line":28,"column":20},"end":{"line":34,"column":21}},{"start":{"line":32,"column":27},"end":{"line":34,"column":21}}]}},"s":{"0":1,"1":1,"2":1,"3":4,"4":4,"5":4,"6":4,"7":3,"8":4,"9":4,"10":4,"11":10,"12":10,"13":0,"14":3,"15":1,"16":1,"17":1},"f":{"0":4,"1":4},"b":{"0":[10,0]}}
,"C:\\Users\\gopur\\Downloads\\Job\\cozey\\server\\src\\utils\\payload.interface.ts": {"path":"C:\\Users\\gopur\\Downloads\\Job\\cozey\\server\\src\\utils\\payload.interface.ts","statementMap":{"0":{"start":{"line":3,"column":0},"end":{"line":3,"column":null}},"1":{"start":{"line":4,"column":4},"end":{"line":4,"column":null}},"2":{"start":{"line":5,"column":4},"end":{"line":5,"column":null}},"3":{"start":{"line":6,"column":4},"end":{"line":6,"column":null}},"4":{"start":{"line":9,"column":13},"end":{"line":13,"column":null}},"5":{"start":{"line":16,"column":0},"end":{"line":16,"column":null}},"6":{"start":{"line":17,"column":4},"end":{"line":17,"column":null}},"7":{"start":{"line":18,"column":4},"end":{"line":18,"column":null}},"8":{"start":{"line":19,"column":4},"end":{"line":19,"column":null}},"9":{"start":{"line":20,"column":4},"end":{"line":20,"column":null}},"10":{"start":{"line":21,"column":4},"end":{"line":21,"column":null}},"11":{"start":{"line":22,"column":4},"end":{"line":22,"column":null}},"12":{"start":{"line":23,"column":4},"end":{"line":23,"column":null}},"13":{"start":{"line":24,"column":4},"end":{"line":24,"column":null}},"14":{"start":{"line":25,"column":4},"end":{"line":25,"column":null}},"15":{"start":{"line":26,"column":4},"end":{"line":26,"column":null}}},"fnMap":{"0":{"name":"(anonymous_0)","decl":{"start":{"line":3,"column":0},"end":{"line":3,"column":12}},"loc":{"start":{"line":3,"column":20},"end":{"line":7,"column":1}}},"1":{"name":"(anonymous_1)","decl":{"start":{"line":16,"column":0},"end":{"line":16,"column":12}},"loc":{"start":{"line":16,"column":20},"end":{"line":27,"column":1}}}},"branchMap":{"0":{"loc":{"start":{"line":3,"column":12},"end":{"line":3,"column":null}},"type":"binary-expr","locations":[{"start":{"line":3,"column":12},"end":{"line":3,"column":20}},{"start":{"line":3,"column":20},"end":{"line":3,"column":null}}]},"1":{"loc":{"start":{"line":16,"column":12},"end":{"line":16,"column":null}},"type":"binary-expr","locations":[{"start":{"line":16,"column":12},"end":{"line":16,"column":20}},{"start":{"line":16,"column":20},"end":{"line":16,"column":null}}]}},"s":{"0":2,"1":2,"2":2,"3":2,"4":2,"5":2,"6":2,"7":2,"8":2,"9":2,"10":2,"11":2,"12":2,"13":2,"14":2,"15":2},"f":{"0":2,"1":2},"b":{"0":[2,2],"1":[2,2]}}
,"C:\\Users\\gopur\\Downloads\\Job\\cozey\\server\\src\\utils\\products.ts": {"path":"C:\\Users\\gopur\\Downloads\\Job\\cozey\\server\\src\\utils\\products.ts","statementMap":{"0":{"start":{"line":4,"column":0},"end":{"line":4,"column":92}},"1":{"start":{"line":6,"column":13},"end":{"line":26,"column":null}}},"fnMap":{},"branchMap":{},"s":{"0":2,"1":2},"f":{},"b":{}}
}
