TN:
SF:src\packingProcess.ts
FN:25,(anonymous_0)
FN:35,(anonymous_1)
FNF:2
FNH:2
FNDA:3,(anonymous_0)
FNDA:2,(anonymous_1)
DA:2,1
DA:4,1
DA:25,1
DA:26,3
DA:28,3
DA:31,3
DA:33,2
DA:35,2
DA:37,2
DA:39,2
DA:40,2
DA:41,2
DA:42,3
DA:44,3
DA:46,1
DA:50,1
DA:61,2
DA:64,1
DA:65,1
LF:19
LH:19
BRF:0
BRH:0
end_of_record
TN:
SF:src\pickingProcess.ts
FN:12,(anonymous_0)
FN:21,(anonymous_1)
FNF:2
FNH:2
FNDA:4,(anonymous_0)
FNDA:4,(anonymous_1)
DA:3,1
DA:6,1
DA:12,1
DA:13,4
DA:15,4
DA:18,4
DA:21,3
DA:23,4
DA:24,4
DA:27,4
DA:28,10
DA:31,10
DA:33,0
DA:40,3
DA:43,1
DA:44,1
LF:16
LH:15
BRDA:28,0,0,10
BRDA:28,0,1,0
BRF:2
BRH:1
end_of_record
TN:
SF:src\utils\payload.interface.ts
FN:3,(anonymous_0)
FN:16,(anonymous_1)
FNF:2
FNH:2
FNDA:2,(anonymous_0)
FNDA:2,(anonymous_1)
DA:3,2
DA:4,2
DA:5,2
DA:6,2
DA:9,2
DA:16,2
DA:17,2
DA:18,2
DA:19,2
DA:20,2
DA:21,2
DA:22,2
DA:23,2
DA:24,2
DA:25,2
DA:26,2
LF:16
LH:16
BRDA:3,0,0,2
BRDA:3,0,1,2
BRDA:16,1,0,2
BRDA:16,1,1,2
BRF:4
BRH:4
end_of_record
TN:
SF:src\utils\products.ts
FNF:0
FNH:0
DA:4,2
DA:6,2
LF:2
LH:2
BRF:0
BRH:0
end_of_record
